<?xml version="1.0" encoding="UTF-8" ?>
<testsuite failures="1" time="37.929" errors="0" skipped="1" tests="20" name="TestSuite">
  <properties>
[...]
</properties>
  <testcase time="0.004" classname="org.seke.fs.EewrTest" name="testergergPrice"/>
  <testcase time="36.754" classname="org.seke.fs.SeleniumTest" name="setup">
    <failure message="Could not start Selenium session: Internal Server Error" type="java.lang.RuntimeException">java.lang.RuntimeException: Could not start Selenium session: Internal Server Error
	at com.thoughtworks.selenium.DefaultSelenium.start(DefaultSelenium.java:89)
	at org.apache.tapestry5.test.AbstractIntegrationTestSuite.setup(AbstractIntegrationTestSuite.java:277)
	at sun.reflect.NativeMethodAccessorImpl.invoke0(Native Method)
	at sun.reflect.NativeMethodAccessorImpl.invoke(NativeMethodAccessorImpl.java:39)
	at sun.reflect.DelegatingMethodAccessorImpl.invoke(DelegatingMethodAccessorImpl.java:25)
	at java.lang.reflect.Method.invoke(Method.java:597)
	at org.testng.internal.MethodHelper.invokeMethod(MethodHelper.java:580)
	at org.testng.internal.Invoker.invokeConfigurationMethod(Invoker.java:398)
	at org.testng.internal.Invoker.invokeConfigurations(Invoker.java:145)
	at org.testng.internal.Invoker.invokeConfigurations(Invoker.java:82)
	at org.testng.internal.TestMethodWorker.invokeBeforeClassMethods(TestMethodWorker.java:167)
	at org.testng.internal.TestMethodWorker.run(TestMethodWorker.java:104)
	at org.testng.TestRunner.runWorkers(TestRunner.java:712)
	at org.testng.TestRunner.privateRun(TestRunner.java:582)
	at org.testng.TestRunner.run(TestRunner.java:477)
	at org.testng.SuiteRunner.runTest(SuiteRunner.java:324)
	at org.testng.SuiteRunner.runSequentially(SuiteRunner.java:319)
	at org.testng.SuiteRunner.privateRun(SuiteRunner.java:292)
	at org.testng.SuiteRunner.run(SuiteRunner.java:198)
	at org.testng.TestNG.createAndRunSuiteRunners(TestNG.java:821)
	at org.testng.TestNG.runSuitesLocally(TestNG.java:788)
	at org.testng.TestNG.run(TestNG.java:708)
	at org.apache.maven.surefire.testng.TestNGExecutor.run(TestNGExecutor.java:62)
	at org.apache.maven.surefire.testng.TestNGDirectoryTestSuite.execute(TestNGDirectoryTestSuite.java:141)
	at org.apache.maven.surefire.Surefire.run(Surefire.java:177)
	at sun.reflect.NativeMethodAccessorImpl.invoke0(Native Method)
	at sun.reflect.NativeMethodAccessorImpl.invoke(NativeMethodAccessorImpl.java:39)
	at sun.reflect.DelegatingMethodAccessorImpl.invoke(DelegatingMethodAccessorImpl.java:25)
	at java.lang.reflect.Method.invoke(Method.java:597)
	at org.apache.maven.surefire.booter.SurefireBooter.runSuitesInProcess(SurefireBooter.java:345)
	at org.apache.maven.surefire.booter.SurefireBooter.main(SurefireBooter.java:1009)
Caused by: com.thoughtworks.selenium.SeleniumException: Internal Server Error
	at com.thoughtworks.selenium.HttpCommandProcessor.throwAssertionFailureExceptionOrError(HttpCommandProcessor.java:97)
	at com.thoughtworks.selenium.HttpCommandProcessor.getCommandResponseAsString(HttpCommandProcessor.java:168)
	at com.thoughtworks.selenium.HttpCommandProcessor.executeCommandOnServlet(HttpCommandProcessor.java:104)
	at com.thoughtworks.selenium.HttpCommandProcessor.doCommand(HttpCommandProcessor.java:86)
	at com.thoughtworks.selenium.HttpCommandProcessor.getString(HttpCommandProcessor.java:262)
	at com.thoughtworks.selenium.HttpCommandProcessor.start(HttpCommandProcessor.java:223)
	at org.apache.tapestry5.test.ErrorReportingCommandProcessor.start(ErrorReportingCommandProcessor.java:156)
	at com.thoughtworks.selenium.DefaultSelenium.start(DefaultSelenium.java:81)
	... 30 more
Caused by: com.thoughtworks.selenium.SeleniumException: Internal Server Error
	at com.thoughtworks.selenium.HttpCommandProcessor.throwAssertionFailureExceptionOrError(HttpCommandProcessor.java:97)
	at com.thoughtworks.selenium.HttpCommandProcessor.getCommandResponseAsString(HttpCommandProcessor.java:168)
	at com.thoughtworks.selenium.HttpCommandProcessor.executeCommandOnServlet(HttpCommandProcessor.java:104)
	at com.thoughtworks.selenium.HttpCommandProcessor.doCommand(HttpCommandProcessor.java:86)
	at com.thoughtworks.selenium.HttpCommandProcessor.getString(HttpCommandProcessor.java:262)
	at com.thoughtworks.selenium.HttpCommandProcessor.start(HttpCommandProcessor.java:223)
	at org.apache.tapestry5.test.ErrorReportingCommandProcessor.start(ErrorReportingCommandProcessor.java:156)
	at com.thoughtworks.selenium.DefaultSelenium.start(DefaultSelenium.java:81)
	... 30 more
</failure>
  </testcase>
  <testcase time="0" classname="org.seke.fs.SeleniumTest" name="testApplicationStartUp">
    <skipped/>
  </testcase>
  <testcase time="0.002" classname="org.seke.fs.beans.CostumerBeanTest" name="testUsername"/>
  <testcase time="0" classname="org.seke.fs.beans.CostumerBeanTest" name="testFirstName"/>
  <testcase time="0" classname="org.seke.fs.beans.CostumerBeanTest" name="testPassword"/>
  <testcase time="0" classname="org.seke.fs.beans.CostumerBeanTest" name="testLastName"/>
  <testcase time="0" classname="org.seke.fs.beans.CostumerBeanTest" name="testOrders"/>
  <testcase time="0" classname="org.seke.fs.beans.EewrTest" name="testergergPrice"/>
  <testcase time="0.001" classname="org.seke.fs.beans.OrderBeanTest" name="commitDate"/>
  <testcase time="0" classname="org.seke.fs.beans.OrderBeanTest" name="testOrdersItems"/>
  <testcase time="0" classname="org.seke.fs.beans.OrderBeanTest" name="id"/>
  <testcase time="0" classname="org.seke.fs.beans.OrdersItemBeanTest" name="testPrice"/>
  <testcase time="0" classname="org.seke.fs.beans.OrdersItemBeanTest" name="testOrdersItemNumber"/>
  <testcase time="0" classname="org.seke.fs.beans.OrdersItemBeanTest" name="testAmount"/>
  <testcase time="0" classname="org.seke.fs.beans.ProductBeanTest" name="testAmountInStock"/>
  <testcase time="0" classname="org.seke.fs.beans.ProductBeanTest" name="testId"/>
  <testcase time="0" classname="org.seke.fs.beans.ProductBeanTest" name="testTitle"/>
  <testcase time="0" classname="org.seke.fs.beans.ProductBeanTest" name="testPrice"/>
  <testcase time="0" classname="org.seke.fs.beans.SeleniumTest" name="testApplicationStartUp"/>
</testsuite>