<?xml version="1.0" encoding="UTF-8" ?>
<testsuite failures="0" time="0.864" errors="0" skipped="0" tests="40" name="TestSuite">
  <properties>
[...]
</properties>
  <testcase time="0.004" classname="org.seke.fs.beans.OrderBeanTest" name="testOrdersItemsInvalid"/>
  <testcase time="0" classname="org.seke.fs.beans.OrderBeanTest" name="testOrdersItems"/>
  <testcase time="0" classname="org.seke.fs.beans.OrderBeanTest" name="commitDate"/>
  <testcase time="0" classname="org.seke.fs.beans.OrderBeanTest" name="testCommitDateInvalid"/>
  <testcase time="0" classname="org.seke.fs.beans.OrderBeanTest" name="testCommitDateInvalid1"/>
  <testcase time="0" classname="org.seke.fs.beans.OrdersItemBeanTest" name="testInvalidAmount"/>
  <testcase time="0.001" classname="org.seke.fs.beans.OrdersItemBeanTest" name="testPrice"/>
  <testcase time="0" classname="org.seke.fs.beans.OrdersItemBeanTest" name="testAmount"/>
  <testcase time="0" classname="org.seke.fs.beans.OrdersItemBeanTest" name="testInvalidPrice"/>
  <testcase time="0" classname="org.seke.fs.beans.ProductBeanTest" name="testProductTitleInvalid"/>
  <testcase time="0" classname="org.seke.fs.beans.ProductBeanTest" name="testAmountInStock"/>
  <testcase time="0.001" classname="org.seke.fs.beans.ProductBeanTest" name="testPriceInvalid"/>
  <testcase time="0" classname="org.seke.fs.beans.ProductBeanTest" name="testPrice"/>
  <testcase time="0" classname="org.seke.fs.beans.ProductBeanTest" name="testTitle"/>
  <testcase time="0" classname="org.seke.fs.beans.ProductBeanTest" name="testAmountInStockInvalid"/>
  <testcase time="0" classname="org.seke.fs.beans.ProductBeanTest" name="testProductTitleInvalid2"/>
  <testcase time="0" classname="org.seke.fs.beans.ProductBeanTest" name="testProductTitleInvalid1"/>
  <testcase time="0" classname="org.seke.fs.beans.ProductBeanTest" name="testId"/>
  <testcase time="0" classname="org.seke.fs.beans.UserBeanTest" name="testFirstNameInvalid2"/>
  <testcase time="0" classname="org.seke.fs.beans.UserBeanTest" name="testUsernameInvalid1"/>
  <testcase time="0" classname="org.seke.fs.beans.UserBeanTest" name="testUsernameInvalid2"/>
  <testcase time="0" classname="org.seke.fs.beans.UserBeanTest" name="testPasswordInvalid2"/>
  <testcase time="0" classname="org.seke.fs.beans.UserBeanTest" name="testFirstNameInvalid1"/>
  <testcase time="0" classname="org.seke.fs.beans.UserBeanTest" name="testFirstName"/>
  <testcase time="0" classname="org.seke.fs.beans.UserBeanTest" name="testPassword"/>
  <testcase time="0" classname="org.seke.fs.beans.UserBeanTest" name="testPasswordInvalid1"/>
  <testcase time="0" classname="org.seke.fs.beans.UserBeanTest" name="testLastName"/>
  <testcase time="0" classname="org.seke.fs.beans.UserBeanTest" name="testPasswordInvalid"/>
  <testcase time="0" classname="org.seke.fs.beans.UserBeanTest" name="testLastNameInvalid1"/>
  <testcase time="0" classname="org.seke.fs.beans.UserBeanTest" name="testLastNameInvalid2"/>
  <testcase time="0" classname="org.seke.fs.beans.UserBeanTest" name="testUsername"/>
  <testcase time="0" classname="org.seke.fs.beans.UserBeanTest" name="testLastNameInvalid"/>
  <testcase time="0" classname="org.seke.fs.beans.UserBeanTest" name="testOrders"/>
  <testcase time="0" classname="org.seke.fs.beans.UserBeanTest" name="testFirstNameInvalid"/>
  <testcase time="0.001" classname="org.seke.fs.beans.UserBeanTest" name="testUsernameInvalid"/>
  <testcase time="0" classname="org.seke.fs.services.ProductsBeanTest" name="testRetreive"/>
  <testcase time="0.251" classname="org.seke.fs.services.ProductsBeanTest" name="testSave"/>
  <testcase time="0" classname="org.seke.fs.services.ProductsBeanTest" name="testRetreiveById"/>
  <testcase time="0.001" classname="org.seke.fs.services.ProductsBeanTest" name="testSaveInvalid"/>
  <testcase time="0.011" classname="org.seke.fs.services.UsersBeanTest" name="testRegister"/>
</testsuite>