<testng-results>
  <reporter-output>
  </reporter-output>
  <suite name="Command line suite">
    <groups>
    </groups>
    <test name="Command line test">
      <class name="org.seke.fs.beans.SeleniumTest">
        <test-method status="PASS" signature="testApplicationStartUp()" name="testApplicationStartUp" duration-ms="1" started-at="2010-07-20T16:24:09Z" finished-at="2010-07-20T16:24:09Z">
        </test-method>
      </class>
      <class name="org.seke.fs.beans.OrderBeanTest">
        <test-method status="PASS" signature="setUp()" name="setUp" is-config="true" duration-ms="1" started-at="2010-07-20T16:24:09Z" finished-at="2010-07-20T16:24:09Z">
        </test-method>
        <test-method status="PASS" signature="setUp()" name="setUp" is-config="true" duration-ms="1" started-at="2010-07-20T16:24:09Z" finished-at="2010-07-20T16:24:09Z">
        </test-method>
        <test-method status="PASS" signature="testOrdersItems()" name="testOrdersItems" duration-ms="0" started-at="2010-07-20T16:24:09Z" finished-at="2010-07-20T16:24:09Z">
        </test-method>
        <test-method status="PASS" signature="id()" name="id" duration-ms="0" started-at="2010-07-20T16:24:09Z" finished-at="2010-07-20T16:24:09Z">
        </test-method>
        <test-method status="PASS" signature="setUp()" name="setUp" is-config="true" duration-ms="1" started-at="2010-07-20T16:24:09Z" finished-at="2010-07-20T16:24:09Z">
        </test-method>
        <test-method status="PASS" signature="commitDate()" name="commitDate" duration-ms="0" started-at="2010-07-20T16:24:09Z" finished-at="2010-07-20T16:24:09Z">
        </test-method>
      </class>
      <class name="org.seke.fs.beans.CostumerBeanTest">
        <test-method status="PASS" signature="testPassword()" name="testPassword" duration-ms="0" started-at="2010-07-20T16:24:09Z" finished-at="2010-07-20T16:24:09Z">
        </test-method>
        <test-method status="PASS" signature="testOrders()" name="testOrders" duration-ms="0" started-at="2010-07-20T16:24:09Z" finished-at="2010-07-20T16:24:09Z">
        </test-method>
        <test-method status="PASS" signature="testFirstName()" name="testFirstName" duration-ms="0" started-at="2010-07-20T16:24:09Z" finished-at="2010-07-20T16:24:09Z">
        </test-method>
        <test-method status="PASS" signature="setUp()" name="setUp" is-config="true" duration-ms="0" started-at="2010-07-20T16:24:09Z" finished-at="2010-07-20T16:24:09Z">
        </test-method>
        <test-method status="PASS" signature="setUp()" name="setUp" is-config="true" duration-ms="1" started-at="2010-07-20T16:24:09Z" finished-at="2010-07-20T16:24:09Z">
        </test-method>
        <test-method status="PASS" signature="testUsername()" name="testUsername" duration-ms="2" started-at="2010-07-20T16:24:09Z" finished-at="2010-07-20T16:24:09Z">
        </test-method>
        <test-method status="PASS" signature="setUp()" name="setUp" is-config="true" duration-ms="0" started-at="2010-07-20T16:24:09Z" finished-at="2010-07-20T16:24:09Z">
        </test-method>
        <test-method status="PASS" signature="setUp()" name="setUp" is-config="true" duration-ms="0" started-at="2010-07-20T16:24:09Z" finished-at="2010-07-20T16:24:09Z">
        </test-method>
        <test-method status="PASS" signature="setUp()" name="setUp" is-config="true" duration-ms="2" started-at="2010-07-20T16:24:09Z" finished-at="2010-07-20T16:24:09Z">
        </test-method>
        <test-method status="PASS" signature="testLastName()" name="testLastName" duration-ms="0" started-at="2010-07-20T16:24:09Z" finished-at="2010-07-20T16:24:09Z">
        </test-method>
      </class>
      <class name="org.seke.fs.beans.EewrTest">
        <test-method status="PASS" signature="testergergPrice()" name="testergergPrice" duration-ms="1" started-at="2010-07-20T16:24:09Z" finished-at="2010-07-20T16:24:09Z">
        </test-method>
      </class>
      <class name="org.seke.fs.beans.OrdersItemBeanTest">
        <test-method status="PASS" signature="testAmount()" name="testAmount" duration-ms="0" started-at="2010-07-20T16:24:09Z" finished-at="2010-07-20T16:24:09Z">
        </test-method>
        <test-method status="PASS" signature="testPrice()" name="testPrice" duration-ms="1" started-at="2010-07-20T16:24:09Z" finished-at="2010-07-20T16:24:09Z">
        </test-method>
        <test-method status="PASS" signature="setUp()" name="setUp" is-config="true" duration-ms="0" started-at="2010-07-20T16:24:09Z" finished-at="2010-07-20T16:24:09Z">
        </test-method>
        <test-method status="PASS" signature="setUp()" name="setUp" is-config="true" duration-ms="0" started-at="2010-07-20T16:24:09Z" finished-at="2010-07-20T16:24:09Z">
        </test-method>
        <test-method status="PASS" signature="setUp()" name="setUp" is-config="true" duration-ms="1" started-at="2010-07-20T16:24:09Z" finished-at="2010-07-20T16:24:09Z">
        </test-method>
        <test-method status="PASS" signature="testOrdersItemNumber()" name="testOrdersItemNumber" duration-ms="0" started-at="2010-07-20T16:24:09Z" finished-at="2010-07-20T16:24:09Z">
        </test-method>
      </class>
      <class name="org.seke.fs.SeleniumTest">
        <test-method status="PASS" signature="cleanup()" name="cleanup" is-config="true" duration-ms="571" started-at="2010-07-20T16:24:09Z" finished-at="2010-07-20T16:24:09Z">
        </test-method>
        <test-method status="SKIP" signature="testApplicationStartUp()" name="testApplicationStartUp" duration-ms="1" started-at="2010-07-20T16:24:09Z" finished-at="2010-07-20T16:24:09Z">
        </test-method>
        <test-method status="FAIL" signature="setup()" name="setup" is-config="true" duration-ms="0" started-at="2010-07-20T16:23:32Z" finished-at="2010-07-20T16:23:32Z">
          <exception class="java.lang.RuntimeException">
            <message>
              <![CDATA[Could not start Selenium session: Internal Server Error]]>
            </message>
            <full-stacktrace>
              <![CDATA[java.lang.RuntimeException: Could not start Selenium session: Internal Server Error
	at com.thoughtworks.selenium.DefaultSelenium.start(DefaultSelenium.java:89)
	at org.apache.tapestry5.test.AbstractIntegrationTestSuite.setup(AbstractIntegrationTestSuite.java:277)
	at sun.reflect.NativeMethodAccessorImpl.invoke0(Native Method)
	at sun.reflect.NativeMethodAccessorImpl.invoke(NativeMethodAccessorImpl.java:39)
	at sun.reflect.DelegatingMethodAccessorImpl.invoke(DelegatingMethodAccessorImpl.java:25)
	at java.lang.reflect.Method.invoke(Method.java:597)
	at org.testng.internal.MethodHelper.invokeMethod(MethodHelper.java:580)
	at org.testng.internal.Invoker.invokeConfigurationMethod(Invoker.java:398)
	at org.testng.internal.Invoker.invokeConfigurations(Invoker.java:145)
	at org.testng.internal.Invoker.invokeConfigurations(Invoker.java:82)
	at org.testng.internal.TestMethodWorker.invokeBeforeClassMethods(TestMethodWorker.java:167)
	at org.testng.internal.TestMethodWorker.run(TestMethodWorker.java:104)
	at org.testng.TestRunner.runWorkers(TestRunner.java:712)
	at org.testng.TestRunner.privateRun(TestRunner.java:582)
	at org.testng.TestRunner.run(TestRunner.java:477)
	at org.testng.SuiteRunner.runTest(SuiteRunner.java:324)
	at org.testng.SuiteRunner.runSequentially(SuiteRunner.java:319)
	at org.testng.SuiteRunner.privateRun(SuiteRunner.java:292)
	at org.testng.SuiteRunner.run(SuiteRunner.java:198)
	at org.testng.TestNG.createAndRunSuiteRunners(TestNG.java:821)
	at org.testng.TestNG.runSuitesLocally(TestNG.java:788)
	at org.testng.TestNG.run(TestNG.java:708)
	at org.apache.maven.surefire.testng.TestNGExecutor.run(TestNGExecutor.java:62)
	at org.apache.maven.surefire.testng.TestNGDirectoryTestSuite.execute(TestNGDirectoryTestSuite.java:141)
	at org.apache.maven.surefire.Surefire.run(Surefire.java:177)
	at sun.reflect.NativeMethodAccessorImpl.invoke0(Native Method)
	at sun.reflect.NativeMethodAccessorImpl.invoke(NativeMethodAccessorImpl.java:39)
	at sun.reflect.DelegatingMethodAccessorImpl.invoke(DelegatingMethodAccessorImpl.java:25)
	at java.lang.reflect.Method.invoke(Method.java:597)
	at org.apache.maven.surefire.booter.SurefireBooter.runSuitesInProcess(SurefireBooter.java:345)
	at org.apache.maven.surefire.booter.SurefireBooter.main(SurefireBooter.java:1009)
Caused by: com.thoughtworks.selenium.SeleniumException: Internal Server Error
	at com.thoughtworks.selenium.HttpCommandProcessor.throwAssertionFailureExceptionOrError(HttpCommandProcessor.java:97)
	at com.thoughtworks.selenium.HttpCommandProcessor.getCommandResponseAsString(HttpCommandProcessor.java:168)
	at com.thoughtworks.selenium.HttpCommandProcessor.executeCommandOnServlet(HttpCommandProcessor.java:104)
	at com.thoughtworks.selenium.HttpCommandProcessor.doCommand(HttpCommandProcessor.java:86)
	at com.thoughtworks.selenium.HttpCommandProcessor.getString(HttpCommandProcessor.java:262)
	at com.thoughtworks.selenium.HttpCommandProcessor.start(HttpCommandProcessor.java:223)
	at org.apache.tapestry5.test.ErrorReportingCommandProcessor.start(ErrorReportingCommandProcessor.java:156)
	at com.thoughtworks.selenium.DefaultSelenium.start(DefaultSelenium.java:81)
	... 30 more
]]>
            </full-stacktrace>
          </exception>
        </test-method>
      </class>
      <class name="org.seke.fs.EewrTest">
        <test-method status="PASS" signature="testergergPrice()" name="testergergPrice" duration-ms="3" started-at="2010-07-20T16:23:32Z" finished-at="2010-07-20T16:23:32Z">
        </test-method>
      </class>
      <class name="org.seke.fs.beans.ProductBeanTest">
        <test-method status="PASS" signature="setUp()" name="setUp" is-config="true" duration-ms="0" started-at="2010-07-20T16:24:09Z" finished-at="2010-07-20T16:24:09Z">
        </test-method>
        <test-method status="PASS" signature="setUp()" name="setUp" is-config="true" duration-ms="0" started-at="2010-07-20T16:24:09Z" finished-at="2010-07-20T16:24:09Z">
        </test-method>
        <test-method status="PASS" signature="testPrice()" name="testPrice" duration-ms="0" started-at="2010-07-20T16:24:09Z" finished-at="2010-07-20T16:24:09Z">
        </test-method>
        <test-method status="PASS" signature="testTitle()" name="testTitle" duration-ms="0" started-at="2010-07-20T16:24:09Z" finished-at="2010-07-20T16:24:09Z">
        </test-method>
        <test-method status="PASS" signature="setUp()" name="setUp" is-config="true" duration-ms="1" started-at="2010-07-20T16:24:09Z" finished-at="2010-07-20T16:24:09Z">
        </test-method>
        <test-method status="PASS" signature="setUp()" name="setUp" is-config="true" duration-ms="1" started-at="2010-07-20T16:24:09Z" finished-at="2010-07-20T16:24:09Z">
        </test-method>
        <test-method status="PASS" signature="testId()" name="testId" duration-ms="0" started-at="2010-07-20T16:24:09Z" finished-at="2010-07-20T16:24:09Z">
        </test-method>
        <test-method status="PASS" signature="testAmountInStock()" name="testAmountInStock" duration-ms="0" started-at="2010-07-20T16:24:09Z" finished-at="2010-07-20T16:24:09Z">
        </test-method>
      </class>
    </test>
  </suite>
</testng-results>
